5 samples total!
********************************************************************************
extracting PCSVN of T-BN0164923.png	 (0 of 5)
finding multiscale frangi targets
σ=0.250000
	0.15781 = frob-norm γ pre-dilation
collar radius: 1
	0.15108 = frob-norm γ post-collar dilation
alternative calculation
	0.15103 =  from L2-norm γ (K2 with collar)
size of hdilation: 1
	0.10560 = γ post-hdilation (this is the one we use)
changing gamma to collar radius gamma
--------------------------------------------------------------------------------
σ=0.275672
	0.15417 = frob-norm γ pre-dilation
collar radius: 1
	0.14888 = frob-norm γ post-collar dilation
alternative calculation
	0.14881 =  from L2-norm γ (K2 with collar)
size of hdilation: 1
	0.10334 = γ post-hdilation (this is the one we use)
changing gamma to collar radius gamma
--------------------------------------------------------------------------------
σ=0.303981
	0.14991 = frob-norm γ pre-dilation
collar radius: 1
	0.14627 = frob-norm γ post-collar dilation
alternative calculation
	0.14617 =  from L2-norm γ (K2 with collar)
size of hdilation: 1
	0.10067 = γ post-hdilation (this is the one we use)
changing gamma to collar radius gamma
--------------------------------------------------------------------------------
σ=0.335196
	0.14493 = frob-norm γ pre-dilation
collar radius: 1
	0.14322 = frob-norm γ post-collar dilation
alternative calculation
	0.14303 =  from L2-norm γ (K2 with collar)
size of hdilation: 1
	0.09792 = γ post-hdilation (this is the one we use)
changing gamma to collar radius gamma
--------------------------------------------------------------------------------
σ=0.369617
	0.13970 = frob-norm γ pre-dilation
collar radius: 1
	0.13970 = frob-norm γ post-collar dilation
alternative calculation
	0.13933 =  from L2-norm γ (K2 with collar)
size of hdilation: 1
	0.09471 = γ post-hdilation (this is the one we use)
changing gamma to collar radius gamma
--------------------------------------------------------------------------------
σ=0.407572
	0.13560 = frob-norm γ pre-dilation
collar radius: 1
	0.13560 = frob-norm γ post-collar dilation
alternative calculation
	0.13500 =  from L2-norm γ (K2 with collar)
size of hdilation: 1
	0.09098 = γ post-hdilation (this is the one we use)
changing gamma to collar radius gamma
--------------------------------------------------------------------------------
σ=0.449425
	0.13086 = frob-norm γ pre-dilation
collar radius: 1
	0.13086 = frob-norm γ post-collar dilation
alternative calculation
	0.12995 =  from L2-norm γ (K2 with collar)
size of hdilation: 1
	0.08670 = γ post-hdilation (this is the one we use)
changing gamma to collar radius gamma
--------------------------------------------------------------------------------
σ=0.495576
	0.12543 = frob-norm γ pre-dilation
collar radius: 1
	0.12543 = frob-norm γ post-collar dilation
alternative calculation
	0.12413 =  from L2-norm γ (K2 with collar)
size of hdilation: 1
	0.08184 = γ post-hdilation (this is the one we use)
changing gamma to collar radius gamma
--------------------------------------------------------------------------------
σ=0.546467
	0.11928 = frob-norm γ pre-dilation
collar radius: 2
	0.11928 = frob-norm γ post-collar dilation
alternative calculation
	0.11750 =  from L2-norm γ (K2 with collar)
size of hdilation: 2
	0.07640 = γ post-hdilation (this is the one we use)
changing gamma to collar radius gamma
--------------------------------------------------------------------------------
σ=0.602583
	0.11240 = frob-norm γ pre-dilation
collar radius: 2
	0.11240 = frob-norm γ post-collar dilation
alternative calculation
	0.11113 =  from L2-norm γ (K2 with collar)
size of hdilation: 2
	0.07040 = γ post-hdilation (this is the one we use)
changing gamma to collar radius gamma
--------------------------------------------------------------------------------
σ=0.664461
	0.10482 = frob-norm γ pre-dilation
collar radius: 2
	0.10482 = frob-norm γ post-collar dilation
alternative calculation
	0.10401 =  from L2-norm γ (K2 with collar)
size of hdilation: 2
	0.06392 = γ post-hdilation (this is the one we use)
changing gamma to collar radius gamma
--------------------------------------------------------------------------------
σ=0.732694
	0.09661 = frob-norm γ pre-dilation
collar radius: 2
	0.09661 = frob-norm γ post-collar dilation
alternative calculation
	0.09617 =  from L2-norm γ (K2 with collar)
size of hdilation: 2
	0.05883 = γ post-hdilation (this is the one we use)
changing gamma to collar radius gamma
--------------------------------------------------------------------------------
σ=0.807933
	0.08789 = frob-norm γ pre-dilation
collar radius: 3
	0.05457 = frob-norm γ post-collar dilation
alternative calculation
	0.05451 =  from L2-norm γ (K2 with collar)
size of hdilation: 3
	0.05457 = γ post-hdilation (this is the one we use)
changing gamma to collar radius gamma
--------------------------------------------------------------------------------
σ=0.890899
	0.07881 = frob-norm γ pre-dilation
collar radius: 3
	0.05005 = frob-norm γ post-collar dilation
alternative calculation
	0.05000 =  from L2-norm γ (K2 with collar)
size of hdilation: 3
	0.05005 = γ post-hdilation (this is the one we use)
changing gamma to collar radius gamma
--------------------------------------------------------------------------------
σ=0.982384
	0.06959 = frob-norm γ pre-dilation
collar radius: 3
	0.04524 = frob-norm γ post-collar dilation
alternative calculation
	0.04520 =  from L2-norm γ (K2 with collar)
size of hdilation: 3
	0.04524 = γ post-hdilation (this is the one we use)
changing gamma to collar radius gamma
--------------------------------------------------------------------------------
σ=1.083264
	0.06044 = frob-norm γ pre-dilation
collar radius: 4
	0.04026 = frob-norm γ post-collar dilation
alternative calculation
	0.04023 =  from L2-norm γ (K2 with collar)
size of hdilation: 4
	0.04026 = γ post-hdilation (this is the one we use)
changing gamma to collar radius gamma
--------------------------------------------------------------------------------
σ=1.194503
	0.05163 = frob-norm γ pre-dilation
collar radius: 4
	0.03526 = frob-norm γ post-collar dilation
alternative calculation
	0.03523 =  from L2-norm γ (K2 with collar)
size of hdilation: 4
	0.03526 = γ post-hdilation (this is the one we use)
changing gamma to collar radius gamma
--------------------------------------------------------------------------------
σ=1.317165
	0.04384 = frob-norm γ pre-dilation
collar radius: 5
	0.03038 = frob-norm γ post-collar dilation
alternative calculation
	0.03036 =  from L2-norm γ (K2 with collar)
size of hdilation: 5
	0.03038 = γ post-hdilation (this is the one we use)
changing gamma to collar radius gamma
--------------------------------------------------------------------------------
σ=1.452423
	0.03717 = frob-norm γ pre-dilation
collar radius: 5
	0.02577 = frob-norm γ post-collar dilation
alternative calculation
	0.02574 =  from L2-norm γ (K2 with collar)
size of hdilation: 5
	0.02577 = γ post-hdilation (this is the one we use)
changing gamma to collar radius gamma
--------------------------------------------------------------------------------
σ=1.601570
	0.03085 = frob-norm γ pre-dilation
collar radius: 6
	0.02152 = frob-norm γ post-collar dilation
alternative calculation
	0.02150 =  from L2-norm γ (K2 with collar)
size of hdilation: 6
	0.02152 = γ post-hdilation (this is the one we use)
changing gamma to collar radius gamma
--------------------------------------------------------------------------------
σ=1.766034
	0.02524 = frob-norm γ pre-dilation
collar radius: 7
	0.01772 = frob-norm γ post-collar dilation
alternative calculation
	0.01770 =  from L2-norm γ (K2 with collar)
size of hdilation: 7
	0.01772 = γ post-hdilation (this is the one we use)
changing gamma to collar radius gamma
--------------------------------------------------------------------------------
σ=1.947385
	0.02049 = frob-norm γ pre-dilation
collar radius: 7
	0.01441 = frob-norm γ post-collar dilation
alternative calculation
	0.01438 =  from L2-norm γ (K2 with collar)
size of hdilation: 7
	0.01441 = γ post-hdilation (this is the one we use)
changing gamma to collar radius gamma
--------------------------------------------------------------------------------
σ=2.147360
	0.01693 = frob-norm γ pre-dilation
collar radius: 8
	0.01163 = frob-norm γ post-collar dilation
alternative calculation
	0.01155 =  from L2-norm γ (K2 with collar)
size of hdilation: 8
	0.01163 = γ post-hdilation (this is the one we use)
changing gamma to collar radius gamma
--------------------------------------------------------------------------------
σ=2.367870
	0.01375 = frob-norm γ pre-dilation
collar radius: 9
	0.00965 = frob-norm γ post-collar dilation
alternative calculation
	0.00941 =  from L2-norm γ (K2 with collar)
size of hdilation: 9
	0.00965 = γ post-hdilation (this is the one we use)
changing gamma to collar radius gamma
--------------------------------------------------------------------------------
σ=2.611023
	0.01132 = frob-norm γ pre-dilation
collar radius: 10
	0.00820 = frob-norm γ post-collar dilation
alternative calculation
	0.00819 =  from L2-norm γ (K2 with collar)
size of hdilation: 10
	0.00820 = γ post-hdilation (this is the one we use)
changing gamma to collar radius gamma
--------------------------------------------------------------------------------
σ=2.879146
	0.00950 = frob-norm γ pre-dilation
collar radius: 11
	0.00698 = frob-norm γ post-collar dilation
alternative calculation
	0.00697 =  from L2-norm γ (K2 with collar)
size of hdilation: 11
	0.00698 = γ post-hdilation (this is the one we use)
changing gamma to collar radius gamma
--------------------------------------------------------------------------------
σ=3.174802
	0.00781 = frob-norm γ pre-dilation
collar radius: 12
	0.00584 = frob-norm γ post-collar dilation
alternative calculation
	0.00582 =  from L2-norm γ (K2 with collar)
size of hdilation: 12
	0.00584 = γ post-hdilation (this is the one we use)
changing gamma to collar radius gamma
--------------------------------------------------------------------------------
σ=3.500819
	0.00633 = frob-norm γ pre-dilation
collar radius: 14
	0.00478 = frob-norm γ post-collar dilation
alternative calculation
	0.00477 =  from L2-norm γ (K2 with collar)
size of hdilation: 14
	0.00478 = γ post-hdilation (this is the one we use)
changing gamma to collar radius gamma
--------------------------------------------------------------------------------
σ=3.860313
	0.00529 = frob-norm γ pre-dilation
collar radius: 15
	0.00385 = frob-norm γ post-collar dilation
alternative calculation
	0.00383 =  from L2-norm γ (K2 with collar)
size of hdilation: 15
	0.00385 = γ post-hdilation (this is the one we use)
changing gamma to collar radius gamma
--------------------------------------------------------------------------------
σ=4.256724
	0.00444 = frob-norm γ pre-dilation
collar radius: 17
	0.00304 = frob-norm γ post-collar dilation
alternative calculation
	0.00303 =  from L2-norm γ (K2 with collar)
size of hdilation: 17
	0.00320 = γ post-hdilation (this is the one we use)
changing gamma to collar radius gamma
--------------------------------------------------------------------------------
σ=4.693842
	0.00377 = frob-norm γ pre-dilation
collar radius: 18
	0.00240 = frob-norm γ post-collar dilation
alternative calculation
	0.00240 =  from L2-norm γ (K2 with collar)
size of hdilation: 18
	0.00307 = γ post-hdilation (this is the one we use)
changing gamma to collar radius gamma
--------------------------------------------------------------------------------
σ=5.175847
	0.00322 = frob-norm γ pre-dilation
collar radius: 20
	0.00197 = frob-norm γ post-collar dilation
alternative calculation
	0.00191 =  from L2-norm γ (K2 with collar)
size of hdilation: 20
	0.00286 = γ post-hdilation (this is the one we use)
changing gamma to collar radius gamma
--------------------------------------------------------------------------------
σ=5.707348
	0.00278 = frob-norm γ pre-dilation
collar radius: 22
	0.00172 = frob-norm γ post-collar dilation
alternative calculation
	0.00160 =  from L2-norm γ (K2 with collar)
size of hdilation: 22
	0.00264 = γ post-hdilation (this is the one we use)
changing gamma to collar radius gamma
--------------------------------------------------------------------------------
σ=6.293428
	0.00241 = frob-norm γ pre-dilation
collar radius: 25
	0.00147 = frob-norm γ post-collar dilation
alternative calculation
	0.00136 =  from L2-norm γ (K2 with collar)
size of hdilation: 25
	0.00236 = γ post-hdilation (this is the one we use)
changing gamma to collar radius gamma
--------------------------------------------------------------------------------
σ=6.939693
	0.00205 = frob-norm γ pre-dilation
collar radius: 27
	0.00123 = frob-norm γ post-collar dilation
alternative calculation
	0.00114 =  from L2-norm γ (K2 with collar)
size of hdilation: 27
	0.00204 = γ post-hdilation (this is the one we use)
changing gamma to collar radius gamma
--------------------------------------------------------------------------------
σ=7.652321
	0.00172 = frob-norm γ pre-dilation
collar radius: 30
	0.00100 = frob-norm γ post-collar dilation
alternative calculation
	0.00093 =  from L2-norm γ (K2 with collar)
size of hdilation: 30
	0.00172 = γ post-hdilation (this is the one we use)
changing gamma to collar radius gamma
--------------------------------------------------------------------------------
σ=8.438129
	0.00140 = frob-norm γ pre-dilation
collar radius: 33
	0.00080 = frob-norm γ post-collar dilation
alternative calculation
	0.00074 =  from L2-norm γ (K2 with collar)
size of hdilation: 33
	0.00140 = γ post-hdilation (this is the one we use)
changing gamma to collar radius gamma
--------------------------------------------------------------------------------
σ=9.304630
	0.00112 = frob-norm γ pre-dilation
collar radius: 37
	0.00061 = frob-norm γ post-collar dilation
alternative calculation
	0.00057 =  from L2-norm γ (K2 with collar)
size of hdilation: 37
	0.00112 = γ post-hdilation (this is the one we use)
changing gamma to collar radius gamma
--------------------------------------------------------------------------------
σ=10.260110
	0.00088 = frob-norm γ pre-dilation
collar radius: 41
	0.00046 = frob-norm γ post-collar dilation
alternative calculation
	0.00043 =  from L2-norm γ (K2 with collar)
size of hdilation: 41
	0.00088 = γ post-hdilation (this is the one we use)
changing gamma to collar radius gamma
--------------------------------------------------------------------------------
σ=11.313708
	0.00068 = frob-norm γ pre-dilation
collar radius: 45
	0.00036 = frob-norm γ post-collar dilation
alternative calculation
	0.00032 =  from L2-norm γ (K2 with collar)
size of hdilation: 45
	0.00068 = γ post-hdilation (this is the one we use)
changing gamma to collar radius gamma
--------------------------------------------------------------------------------
...making outputs
thresholding alphas with top 5% scores at each scale
            σ       α_p  max(F_σ)
0    0.250000  0.022292  0.492669
1    0.275672  0.022524  0.494382
2    0.303981  0.022840  0.496457
3    0.335196  0.023182  0.498968
4    0.369617  0.023613  0.502002
5    0.407572  0.024177  0.505665
6    0.449425  0.024854  0.510075
7    0.495576  0.025739  0.515370
8    0.546467  0.026865  0.521703
9    0.602583  0.027799  0.522299
10   0.664461  0.029055  0.522801
11   0.732694  0.030691  0.525725
12   0.807933  0.082834  0.863640
13   0.890899  0.086491  0.862939
14   0.982384  0.091410  0.862224
15   1.083264  0.098534  0.861972
16   1.194503  0.108453  0.862051
17   1.317165  0.121665  0.862020
18   1.452423  0.138635  0.861851
19   1.601570  0.160439  0.861519
20   1.766034  0.187466  0.861007
21   1.947385  0.220191  0.860310
22   2.147360  0.258400  0.858805
23   2.367870  0.289134  0.862599
24   2.611023  0.284937  0.861073
25   2.879146  0.287458  0.861377
26   3.174802  0.294426  0.859333
27   3.500819  0.307983  0.858103
28   3.860313  0.325030  0.856050
29   4.256724  0.350633  0.853003
30   4.693842  0.369020  0.863297
31   5.175847  0.380262  0.863811
32   5.707348  0.364647  0.834141
33   6.293428  0.338390  0.799835
34   6.939693  0.321373  0.802952
35   7.652321  0.320112  0.802485
36   8.438129  0.330278  0.795443
37   9.304630  0.348724  0.781308
38  10.260110  0.370934  0.774833
39  11.313708  0.403853  0.818949
the image size is 1200x1594
one cm equals 43.0 pixels
the middle of the UCIP location is (756, 852)
the radius outward is 9
the total measurable diameter is 19
TP: 36057	 TN: 494618
FP: 11466	FN: 62285
TP+TN+FP+FN=604426	total pixels=604426
σ=0.800000
	0.09635 = frob-norm γ pre-dilation
collar radius: 10
	0.03177 = frob-norm γ post-collar dilation
alternative calculation
	0.03176 =  from L2-norm γ (K2 with collar)
size of hdilation: 10
	0.03177 = γ post-hdilation (this is the one we use)
changing gamma to collar radius gamma
--------------------------------------------------------------------------------
mcc score of 0.472 for T-BN0164923.png
mcc score of 0.632 after random walker
percentage of skeltrace covered: 55.71%
percentage of skeltrace covered (larger sigmas only): 77.94%
percentage of skeltrace covered (random_walker): 78.91%
********************************************************************************
extracting PCSVN of T-BN0651415.png	 (1 of 5)
finding multiscale frangi targets
σ=0.250000
	0.18544 = frob-norm γ pre-dilation
collar radius: 1
	0.18479 = frob-norm γ post-collar dilation
alternative calculation
	0.18474 =  from L2-norm γ (K2 with collar)
size of hdilation: 1
	0.09069 = γ post-hdilation (this is the one we use)
changing gamma to collar radius gamma
--------------------------------------------------------------------------------
σ=0.275672
	0.18122 = frob-norm γ pre-dilation
collar radius: 1
	0.18122 = frob-norm γ post-collar dilation
alternative calculation
	0.18116 =  from L2-norm γ (K2 with collar)
size of hdilation: 1
	0.08950 = γ post-hdilation (this is the one we use)
changing gamma to collar radius gamma
--------------------------------------------------------------------------------
σ=0.303981
	0.17701 = frob-norm γ pre-dilation
collar radius: 1
	0.17701 = frob-norm γ post-collar dilation
alternative calculation
	0.17693 =  from L2-norm γ (K2 with collar)
size of hdilation: 1
	0.08808 = γ post-hdilation (this is the one we use)
changing gamma to collar radius gamma
--------------------------------------------------------------------------------
σ=0.335196
	0.17208 = frob-norm γ pre-dilation
collar radius: 1
	0.17208 = frob-norm γ post-collar dilation
alternative calculation
	0.17197 =  from L2-norm γ (K2 with collar)
size of hdilation: 1
	0.08639 = γ post-hdilation (this is the one we use)
changing gamma to collar radius gamma
--------------------------------------------------------------------------------
σ=0.369617
	0.16635 = frob-norm γ pre-dilation
collar radius: 1
	0.16635 = frob-norm γ post-collar dilation
alternative calculation
	0.16621 =  from L2-norm γ (K2 with collar)
size of hdilation: 1
	0.08440 = γ post-hdilation (this is the one we use)
changing gamma to collar radius gamma
--------------------------------------------------------------------------------
σ=0.407572
	0.15975 = frob-norm γ pre-dilation
collar radius: 1
	0.15975 = frob-norm γ post-collar dilation
alternative calculation
	0.15956 =  from L2-norm γ (K2 with collar)
size of hdilation: 1
	0.08207 = γ post-hdilation (this is the one we use)
changing gamma to collar radius gamma
--------------------------------------------------------------------------------
σ=0.449425
	0.15223 = frob-norm γ pre-dilation
collar radius: 1
	0.15223 = frob-norm γ post-collar dilation
alternative calculation
	0.15197 =  from L2-norm γ (K2 with collar)
size of hdilation: 1
	0.07936 = γ post-hdilation (this is the one we use)
changing gamma to collar radius gamma
--------------------------------------------------------------------------------
σ=0.495576
	0.14375 = frob-norm γ pre-dilation
collar radius: 1
	0.14375 = frob-norm γ post-collar dilation
alternative calculation
	0.14342 =  from L2-norm γ (K2 with collar)
size of hdilation: 1
	0.07622 = γ post-hdilation (this is the one we use)
changing gamma to collar radius gamma
--------------------------------------------------------------------------------
σ=0.546467
	0.13564 = frob-norm γ pre-dilation
collar radius: 2
	0.13564 = frob-norm γ post-collar dilation
alternative calculation
	0.13508 =  from L2-norm γ (K2 with collar)
size of hdilation: 2
	0.07265 = γ post-hdilation (this is the one we use)
changing gamma to collar radius gamma
--------------------------------------------------------------------------------
σ=0.602583
	0.12735 = frob-norm γ pre-dilation
collar radius: 2
	0.12735 = frob-norm γ post-collar dilation
alternative calculation
	0.12672 =  from L2-norm γ (K2 with collar)
size of hdilation: 2
	0.06861 = γ post-hdilation (this is the one we use)
changing gamma to collar radius gamma
--------------------------------------------------------------------------------
σ=0.664461
	0.11813 = frob-norm γ pre-dilation
collar radius: 2
	0.11813 = frob-norm γ post-collar dilation
alternative calculation
	0.11745 =  from L2-norm γ (K2 with collar)
size of hdilation: 2
	0.06413 = γ post-hdilation (this is the one we use)
changing gamma to collar radius gamma
--------------------------------------------------------------------------------
σ=0.732694
	0.10808 = frob-norm γ pre-dilation
collar radius: 2
	0.10808 = frob-norm γ post-collar dilation
alternative calculation
	0.10737 =  from L2-norm γ (K2 with collar)
size of hdilation: 2
	0.05922 = γ post-hdilation (this is the one we use)
changing gamma to collar radius gamma
--------------------------------------------------------------------------------
σ=0.807933
	0.09734 = frob-norm γ pre-dilation
collar radius: 3
	0.07554 = frob-norm γ post-collar dilation
alternative calculation
	0.07127 =  from L2-norm γ (K2 with collar)
size of hdilation: 3
	0.05395 = γ post-hdilation (this is the one we use)
changing gamma to collar radius gamma
--------------------------------------------------------------------------------
σ=0.890899
	0.08640 = frob-norm γ pre-dilation
collar radius: 3
	0.06945 = frob-norm γ post-collar dilation
alternative calculation
	0.06628 =  from L2-norm γ (K2 with collar)
size of hdilation: 3
	0.04842 = γ post-hdilation (this is the one we use)
changing gamma to collar radius gamma
--------------------------------------------------------------------------------
σ=0.982384
	0.07587 = frob-norm γ pre-dilation
collar radius: 3
	0.06298 = frob-norm γ post-collar dilation
alternative calculation
	0.06074 =  from L2-norm γ (K2 with collar)
size of hdilation: 3
	0.04273 = γ post-hdilation (this is the one we use)
changing gamma to collar radius gamma
--------------------------------------------------------------------------------
σ=1.083264
	0.06547 = frob-norm γ pre-dilation
collar radius: 4
	0.03782 = frob-norm γ post-collar dilation
alternative calculation
	0.03780 =  from L2-norm γ (K2 with collar)
size of hdilation: 4
	0.03782 = γ post-hdilation (this is the one we use)
changing gamma to collar radius gamma
--------------------------------------------------------------------------------
σ=1.194503
	0.05552 = frob-norm γ pre-dilation
collar radius: 4
	0.03448 = frob-norm γ post-collar dilation
alternative calculation
	0.03445 =  from L2-norm γ (K2 with collar)
size of hdilation: 4
	0.03448 = γ post-hdilation (this is the one we use)
changing gamma to collar radius gamma
--------------------------------------------------------------------------------
σ=1.317165
	0.04698 = frob-norm γ pre-dilation
collar radius: 5
	0.03119 = frob-norm γ post-collar dilation
alternative calculation
	0.03116 =  from L2-norm γ (K2 with collar)
size of hdilation: 5
	0.03119 = γ post-hdilation (this is the one we use)
changing gamma to collar radius gamma
--------------------------------------------------------------------------------
σ=1.452423
	0.04009 = frob-norm γ pre-dilation
collar radius: 5
	0.02786 = frob-norm γ post-collar dilation
alternative calculation
	0.02786 =  from L2-norm γ (K2 with collar)
size of hdilation: 5
	0.02786 = γ post-hdilation (this is the one we use)
changing gamma to collar radius gamma
--------------------------------------------------------------------------------
σ=1.601570
	0.03449 = frob-norm γ pre-dilation
collar radius: 6
	0.02479 = frob-norm γ post-collar dilation
alternative calculation
	0.02478 =  from L2-norm γ (K2 with collar)
size of hdilation: 6
	0.02479 = γ post-hdilation (this is the one we use)
changing gamma to collar radius gamma
--------------------------------------------------------------------------------
σ=1.766034
	0.02959 = frob-norm γ pre-dilation
collar radius: 7
	0.02174 = frob-norm γ post-collar dilation
alternative calculation
	0.02172 =  from L2-norm γ (K2 with collar)
size of hdilation: 7
	0.02174 = γ post-hdilation (this is the one we use)
changing gamma to collar radius gamma
--------------------------------------------------------------------------------
σ=1.947385
	0.02498 = frob-norm γ pre-dilation
collar radius: 7
	0.01879 = frob-norm γ post-collar dilation
alternative calculation
	0.01877 =  from L2-norm γ (K2 with collar)
size of hdilation: 7
	0.01879 = γ post-hdilation (this is the one we use)
changing gamma to collar radius gamma
--------------------------------------------------------------------------------
σ=2.147360
	0.02100 = frob-norm γ pre-dilation
collar radius: 8
	0.01629 = frob-norm γ post-collar dilation
alternative calculation
	0.01627 =  from L2-norm γ (K2 with collar)
size of hdilation: 8
	0.01629 = γ post-hdilation (this is the one we use)
changing gamma to collar radius gamma
--------------------------------------------------------------------------------
σ=2.367870
	0.01745 = frob-norm γ pre-dilation
collar radius: 9
	0.01415 = frob-norm γ post-collar dilation
alternative calculation
	0.01413 =  from L2-norm γ (K2 with collar)
size of hdilation: 9
	0.01415 = γ post-hdilation (this is the one we use)
changing gamma to collar radius gamma
--------------------------------------------------------------------------------
σ=2.611023
	0.01429 = frob-norm γ pre-dilation
collar radius: 10
	0.01198 = frob-norm γ post-collar dilation
alternative calculation
	0.01196 =  from L2-norm γ (K2 with collar)
size of hdilation: 10
	0.01198 = γ post-hdilation (this is the one we use)
changing gamma to collar radius gamma
--------------------------------------------------------------------------------
σ=2.879146
	0.01165 = frob-norm γ pre-dilation
collar radius: 11
	0.00990 = frob-norm γ post-collar dilation
alternative calculation
	0.00988 =  from L2-norm γ (K2 with collar)
size of hdilation: 11
	0.00990 = γ post-hdilation (this is the one we use)
changing gamma to collar radius gamma
--------------------------------------------------------------------------------
σ=3.174802
	0.00955 = frob-norm γ pre-dilation
collar radius: 12
	0.00798 = frob-norm γ post-collar dilation
alternative calculation
	0.00796 =  from L2-norm γ (K2 with collar)
size of hdilation: 12
	0.00798 = γ post-hdilation (this is the one we use)
changing gamma to collar radius gamma
--------------------------------------------------------------------------------
σ=3.500819
	0.00784 = frob-norm γ pre-dilation
collar radius: 14
	0.00627 = frob-norm γ post-collar dilation
alternative calculation
	0.00625 =  from L2-norm γ (K2 with collar)
size of hdilation: 14
	0.00627 = γ post-hdilation (this is the one we use)
changing gamma to collar radius gamma
--------------------------------------------------------------------------------
σ=3.860313
	0.00666 = frob-norm γ pre-dilation
collar radius: 15
	0.00481 = frob-norm γ post-collar dilation
alternative calculation
	0.00479 =  from L2-norm γ (K2 with collar)
size of hdilation: 15
	0.00481 = γ post-hdilation (this is the one we use)
changing gamma to collar radius gamma
--------------------------------------------------------------------------------
σ=4.256724
	0.00563 = frob-norm γ pre-dilation
collar radius: 17
	0.00383 = frob-norm γ post-collar dilation
alternative calculation
	0.00373 =  from L2-norm γ (K2 with collar)
size of hdilation: 17
	0.00383 = γ post-hdilation (this is the one we use)
changing gamma to collar radius gamma
--------------------------------------------------------------------------------
σ=4.693842
	0.00479 = frob-norm γ pre-dilation
collar radius: 18
	0.00312 = frob-norm γ post-collar dilation
alternative calculation
	0.00309 =  from L2-norm γ (K2 with collar)
size of hdilation: 18
	0.00333 = γ post-hdilation (this is the one we use)
changing gamma to collar radius gamma
--------------------------------------------------------------------------------
σ=5.175847
	0.00403 = frob-norm γ pre-dilation
collar radius: 20
	0.00259 = frob-norm γ post-collar dilation
alternative calculation
	0.00256 =  from L2-norm γ (K2 with collar)
size of hdilation: 20
	0.00307 = γ post-hdilation (this is the one we use)
changing gamma to collar radius gamma
--------------------------------------------------------------------------------
σ=5.707348
	0.00335 = frob-norm γ pre-dilation
collar radius: 22
	0.00214 = frob-norm γ post-collar dilation
alternative calculation
	0.00212 =  from L2-norm γ (K2 with collar)
size of hdilation: 22
	0.00274 = γ post-hdilation (this is the one we use)
changing gamma to collar radius gamma
--------------------------------------------------------------------------------
σ=6.293428
	0.00275 = frob-norm γ pre-dilation
collar radius: 25
	0.00176 = frob-norm γ post-collar dilation
alternative calculation
	0.00174 =  from L2-norm γ (K2 with collar)
size of hdilation: 25
	0.00239 = γ post-hdilation (this is the one we use)
changing gamma to collar radius gamma
--------------------------------------------------------------------------------
σ=6.939693
	0.00224 = frob-norm γ pre-dilation
collar radius: 27
	0.00144 = frob-norm γ post-collar dilation
alternative calculation
	0.00143 =  from L2-norm γ (K2 with collar)
size of hdilation: 27
	0.00204 = γ post-hdilation (this is the one we use)
changing gamma to collar radius gamma
--------------------------------------------------------------------------------
σ=7.652321
	0.00182 = frob-norm γ pre-dilation
collar radius: 30
	0.00120 = frob-norm γ post-collar dilation
alternative calculation
	0.00117 =  from L2-norm γ (K2 with collar)
size of hdilation: 30
	0.00172 = γ post-hdilation (this is the one we use)
changing gamma to collar radius gamma
--------------------------------------------------------------------------------
σ=8.438129
	0.00147 = frob-norm γ pre-dilation
collar radius: 33
	0.00103 = frob-norm γ post-collar dilation
alternative calculation
	0.00099 =  from L2-norm γ (K2 with collar)
size of hdilation: 33
	0.00144 = γ post-hdilation (this is the one we use)
changing gamma to collar radius gamma
--------------------------------------------------------------------------------
σ=9.304630
	0.00119 = frob-norm γ pre-dilation
collar radius: 37
	0.00086 = frob-norm γ post-collar dilation
alternative calculation
	0.00082 =  from L2-norm γ (K2 with collar)
size of hdilation: 37
	0.00119 = γ post-hdilation (this is the one we use)
changing gamma to collar radius gamma
--------------------------------------------------------------------------------
σ=10.260110
	0.00098 = frob-norm γ pre-dilation
collar radius: 41
	0.00070 = frob-norm γ post-collar dilation
alternative calculation
	0.00067 =  from L2-norm γ (K2 with collar)
size of hdilation: 41
	0.00098 = γ post-hdilation (this is the one we use)
changing gamma to collar radius gamma
--------------------------------------------------------------------------------
σ=11.313708
	0.00079 = frob-norm γ pre-dilation
collar radius: 45
	0.00055 = frob-norm γ post-collar dilation
alternative calculation
	0.00053 =  from L2-norm γ (K2 with collar)
size of hdilation: 45
	0.00079 = γ post-hdilation (this is the one we use)
changing gamma to collar radius gamma
--------------------------------------------------------------------------------
...making outputs
            σ       α_p  max(F_σ)
0    0.250000  0.022292  0.379630
1    0.275672  0.022524  0.383336
2    0.303981  0.022840  0.387808
3    0.335196  0.023182  0.393193
4    0.369617  0.023613  0.399662
5    0.407572  0.024177  0.407406
6    0.449425  0.024854  0.416638
7    0.495576  0.025739  0.427580
8    0.546467  0.026865  0.434900
9    0.602583  0.027799  0.438951
10   0.664461  0.029055  0.443966
11   0.732694  0.030691  0.450107
12   0.807933  0.082834  0.672792
13   0.890899  0.086491  0.646010
14   0.982384  0.091410  0.617745
15   1.083264  0.098534  0.863189
16   1.194503  0.108453  0.862097
17   1.317165  0.121665  0.862112
18   1.452423  0.138635  0.864377
19   1.601570  0.160439  0.864162
20   1.766034  0.187466  0.862702
21   1.947385  0.220191  0.862155
22   2.147360  0.258400  0.861030
23   2.367870  0.289134  0.860089
24   2.611023  0.284937  0.858849
25   2.879146  0.287458  0.857271
26   3.174802  0.294426  0.855410
27   3.500819  0.307983  0.854114
28   3.860313  0.325030  0.854233
29   4.256724  0.350633  0.855074
30   4.693842  0.369020  0.853098
31   5.175847  0.380262  0.854668
32   5.707348  0.364647  0.855744
33   6.293428  0.338390  0.858773
34   6.939693  0.321373  0.861810
35   7.652321  0.320112  0.863704
36   8.438129  0.330278  0.840080
37   9.304630  0.348724  0.812206
38  10.260110  0.370934  0.790240
39  11.313708  0.403853  0.784755
the image size is 1200x1594
one cm equals 46.95742752749558 pixels
the middle of the UCIP location is (481, 859)
the radius outward is 9
the total measurable diameter is 19
TP: 35413	 TN: 595475
FP: 12091	FN: 59451
TP+TN+FP+FN=702430	total pixels=702430
σ=0.800000
	0.11252 = frob-norm γ pre-dilation
collar radius: 10
	0.03558 = frob-norm γ post-collar dilation
alternative calculation
	0.03558 =  from L2-norm γ (K2 with collar)
size of hdilation: 10
	0.03558 = γ post-hdilation (this is the one we use)
changing gamma to collar radius gamma
--------------------------------------------------------------------------------
mcc score of 0.481 for T-BN0651415.png
mcc score of 0.624 after random walker
percentage of skeltrace covered: 59.39%
percentage of skeltrace covered (larger sigmas only): 70.94%
percentage of skeltrace covered (random_walker): 76.64%
********************************************************************************
extracting PCSVN of T-BN0033885.png	 (2 of 5)
finding multiscale frangi targets
σ=0.250000
	0.16938 = frob-norm γ pre-dilation
collar radius: 1
	0.16158 = frob-norm γ post-collar dilation
alternative calculation
	0.16151 =  from L2-norm γ (K2 with collar)
size of hdilation: 1
	0.10587 = γ post-hdilation (this is the one we use)
changing gamma to collar radius gamma
--------------------------------------------------------------------------------
σ=0.275672
	0.16579 = frob-norm γ pre-dilation
collar radius: 1
	0.15926 = frob-norm γ post-collar dilation
alternative calculation
	0.15923 =  from L2-norm γ (K2 with collar)
size of hdilation: 1
	0.10445 = γ post-hdilation (this is the one we use)
changing gamma to collar radius gamma
--------------------------------------------------------------------------------
σ=0.303981
	0.16320 = frob-norm γ pre-dilation
collar radius: 1
	0.15656 = frob-norm γ post-collar dilation
alternative calculation
	0.15651 =  from L2-norm γ (K2 with collar)
size of hdilation: 1
	0.10276 = γ post-hdilation (this is the one we use)
changing gamma to collar radius gamma
--------------------------------------------------------------------------------
σ=0.335196
	0.16021 = frob-norm γ pre-dilation
collar radius: 1
	0.15336 = frob-norm γ post-collar dilation
alternative calculation
	0.15329 =  from L2-norm γ (K2 with collar)
size of hdilation: 1
	0.10075 = γ post-hdilation (this is the one we use)
changing gamma to collar radius gamma
--------------------------------------------------------------------------------
σ=0.369617
	0.15663 = frob-norm γ pre-dilation
collar radius: 1
	0.14958 = frob-norm γ post-collar dilation
alternative calculation
	0.14948 =  from L2-norm γ (K2 with collar)
size of hdilation: 1
	0.09839 = γ post-hdilation (this is the one we use)
changing gamma to collar radius gamma
--------------------------------------------------------------------------------
σ=0.407572
	0.15237 = frob-norm γ pre-dilation
collar radius: 1
	0.14515 = frob-norm γ post-collar dilation
alternative calculation
	0.14500 =  from L2-norm γ (K2 with collar)
size of hdilation: 1
	0.09561 = γ post-hdilation (this is the one we use)
changing gamma to collar radius gamma
--------------------------------------------------------------------------------
σ=0.449425
	0.14732 = frob-norm γ pre-dilation
collar radius: 1
	0.13998 = frob-norm γ post-collar dilation
alternative calculation
	0.13979 =  from L2-norm γ (K2 with collar)
size of hdilation: 1
	0.09239 = γ post-hdilation (this is the one we use)
changing gamma to collar radius gamma
--------------------------------------------------------------------------------
σ=0.495576
	0.14138 = frob-norm γ pre-dilation
collar radius: 1
	0.13402 = frob-norm γ post-collar dilation
alternative calculation
	0.13387 =  from L2-norm γ (K2 with collar)
size of hdilation: 1
	0.08910 = γ post-hdilation (this is the one we use)
changing gamma to collar radius gamma
--------------------------------------------------------------------------------
σ=0.546467
	0.13447 = frob-norm γ pre-dilation
collar radius: 2
	0.12719 = frob-norm γ post-collar dilation
alternative calculation
	0.12719 =  from L2-norm γ (K2 with collar)
size of hdilation: 2
	0.08533 = γ post-hdilation (this is the one we use)
changing gamma to collar radius gamma
--------------------------------------------------------------------------------
σ=0.602583
	0.12651 = frob-norm γ pre-dilation
collar radius: 2
	0.11962 = frob-norm γ post-collar dilation
alternative calculation
	0.11962 =  from L2-norm γ (K2 with collar)
size of hdilation: 2
	0.08109 = γ post-hdilation (this is the one we use)
changing gamma to collar radius gamma
--------------------------------------------------------------------------------
σ=0.664461
	0.11749 = frob-norm γ pre-dilation
collar radius: 2
	0.11115 = frob-norm γ post-collar dilation
alternative calculation
	0.11115 =  from L2-norm γ (K2 with collar)
size of hdilation: 2
	0.07654 = γ post-hdilation (this is the one we use)
changing gamma to collar radius gamma
--------------------------------------------------------------------------------
σ=0.732694
	0.10745 = frob-norm γ pre-dilation
collar radius: 2
	0.10187 = frob-norm γ post-collar dilation
alternative calculation
	0.10187 =  from L2-norm γ (K2 with collar)
size of hdilation: 2
	0.07149 = γ post-hdilation (this is the one we use)
changing gamma to collar radius gamma
--------------------------------------------------------------------------------
σ=0.807933
	0.09655 = frob-norm γ pre-dilation
collar radius: 3
	0.06599 = frob-norm γ post-collar dilation
alternative calculation
	0.06592 =  from L2-norm γ (K2 with collar)
size of hdilation: 3
	0.06599 = γ post-hdilation (this is the one we use)
changing gamma to collar radius gamma
--------------------------------------------------------------------------------
σ=0.890899
	0.08501 = frob-norm γ pre-dilation
collar radius: 3
	0.06012 = frob-norm γ post-collar dilation
alternative calculation
	0.06005 =  from L2-norm γ (K2 with collar)
size of hdilation: 3
	0.06012 = γ post-hdilation (this is the one we use)
changing gamma to collar radius gamma
--------------------------------------------------------------------------------
σ=0.982384
	0.07321 = frob-norm γ pre-dilation
collar radius: 3
	0.05397 = frob-norm γ post-collar dilation
alternative calculation
	0.05391 =  from L2-norm γ (K2 with collar)
size of hdilation: 3
	0.05397 = γ post-hdilation (this is the one we use)
changing gamma to collar radius gamma
--------------------------------------------------------------------------------
σ=1.083264
	0.06156 = frob-norm γ pre-dilation
collar radius: 4
	0.04771 = frob-norm γ post-collar dilation
alternative calculation
	0.04765 =  from L2-norm γ (K2 with collar)
size of hdilation: 4
	0.04771 = γ post-hdilation (this is the one we use)
changing gamma to collar radius gamma
--------------------------------------------------------------------------------
σ=1.194503
	0.05188 = frob-norm γ pre-dilation
collar radius: 4
	0.04160 = frob-norm γ post-collar dilation
alternative calculation
	0.04160 =  from L2-norm γ (K2 with collar)
size of hdilation: 4
	0.04160 = γ post-hdilation (this is the one we use)
changing gamma to collar radius gamma
--------------------------------------------------------------------------------
σ=1.317165
	0.04314 = frob-norm γ pre-dilation
collar radius: 5
	0.03574 = frob-norm γ post-collar dilation
alternative calculation
	0.03574 =  from L2-norm γ (K2 with collar)
size of hdilation: 5
	0.03574 = γ post-hdilation (this is the one we use)
changing gamma to collar radius gamma
--------------------------------------------------------------------------------
σ=1.452423
	0.03641 = frob-norm γ pre-dilation
collar radius: 5
	0.03017 = frob-norm γ post-collar dilation
alternative calculation
	0.03017 =  from L2-norm γ (K2 with collar)
size of hdilation: 5
	0.03017 = γ post-hdilation (this is the one we use)
changing gamma to collar radius gamma
--------------------------------------------------------------------------------
σ=1.601570
	0.03057 = frob-norm γ pre-dilation
collar radius: 6
	0.02556 = frob-norm γ post-collar dilation
alternative calculation
	0.02544 =  from L2-norm γ (K2 with collar)
size of hdilation: 6
	0.02556 = γ post-hdilation (this is the one we use)
changing gamma to collar radius gamma
--------------------------------------------------------------------------------
σ=1.766034
	0.02611 = frob-norm γ pre-dilation
collar radius: 7
	0.02215 = frob-norm γ post-collar dilation
alternative calculation
	0.02202 =  from L2-norm γ (K2 with collar)
size of hdilation: 7
	0.02215 = γ post-hdilation (this is the one we use)
changing gamma to collar radius gamma
--------------------------------------------------------------------------------
σ=1.947385
	0.02241 = frob-norm γ pre-dilation
collar radius: 7
	0.01883 = frob-norm γ post-collar dilation
alternative calculation
	0.01869 =  from L2-norm γ (K2 with collar)
size of hdilation: 7
	0.01883 = γ post-hdilation (this is the one we use)
changing gamma to collar radius gamma
--------------------------------------------------------------------------------
σ=2.147360
	0.01877 = frob-norm γ pre-dilation
collar radius: 8
	0.01569 = frob-norm γ post-collar dilation
alternative calculation
	0.01554 =  from L2-norm γ (K2 with collar)
size of hdilation: 8
	0.01569 = γ post-hdilation (this is the one we use)
changing gamma to collar radius gamma
--------------------------------------------------------------------------------
σ=2.367870
	0.01564 = frob-norm γ pre-dilation
collar radius: 9
	0.01283 = frob-norm γ post-collar dilation
alternative calculation
	0.01266 =  from L2-norm γ (K2 with collar)
size of hdilation: 9
	0.01283 = γ post-hdilation (this is the one we use)
changing gamma to collar radius gamma
--------------------------------------------------------------------------------
σ=2.611023
	0.01297 = frob-norm γ pre-dilation
collar radius: 10
	0.01068 = frob-norm γ post-collar dilation
alternative calculation
	0.01059 =  from L2-norm γ (K2 with collar)
size of hdilation: 10
	0.01068 = γ post-hdilation (this is the one we use)
changing gamma to collar radius gamma
--------------------------------------------------------------------------------
σ=2.879146
	0.01096 = frob-norm γ pre-dilation
collar radius: 11
	0.00927 = frob-norm γ post-collar dilation
alternative calculation
	0.00918 =  from L2-norm γ (K2 with collar)
size of hdilation: 11
	0.00927 = γ post-hdilation (this is the one we use)
changing gamma to collar radius gamma
--------------------------------------------------------------------------------
σ=3.174802
	0.00916 = frob-norm γ pre-dilation
collar radius: 12
	0.00804 = frob-norm γ post-collar dilation
alternative calculation
	0.00798 =  from L2-norm γ (K2 with collar)
size of hdilation: 12
	0.00804 = γ post-hdilation (this is the one we use)
changing gamma to collar radius gamma
--------------------------------------------------------------------------------
σ=3.500819
	0.00752 = frob-norm γ pre-dilation
collar radius: 14
	0.00689 = frob-norm γ post-collar dilation
alternative calculation
	0.00683 =  from L2-norm γ (K2 with collar)
size of hdilation: 14
	0.00689 = γ post-hdilation (this is the one we use)
changing gamma to collar radius gamma
--------------------------------------------------------------------------------
σ=3.860313
	0.00628 = frob-norm γ pre-dilation
collar radius: 15
	0.00584 = frob-norm γ post-collar dilation
alternative calculation
	0.00580 =  from L2-norm γ (K2 with collar)
size of hdilation: 15
	0.00584 = γ post-hdilation (this is the one we use)
changing gamma to collar radius gamma
--------------------------------------------------------------------------------
σ=4.256724
	0.00529 = frob-norm γ pre-dilation
collar radius: 17
	0.00492 = frob-norm γ post-collar dilation
alternative calculation
	0.00489 =  from L2-norm γ (K2 with collar)
size of hdilation: 17
	0.00492 = γ post-hdilation (this is the one we use)
changing gamma to collar radius gamma
--------------------------------------------------------------------------------
σ=4.693842
	0.00440 = frob-norm γ pre-dilation
collar radius: 18
	0.00410 = frob-norm γ post-collar dilation
alternative calculation
	0.00407 =  from L2-norm γ (K2 with collar)
size of hdilation: 18
	0.00410 = γ post-hdilation (this is the one we use)
changing gamma to collar radius gamma
--------------------------------------------------------------------------------
σ=5.175847
	0.00364 = frob-norm γ pre-dilation
collar radius: 20
	0.00337 = frob-norm γ post-collar dilation
alternative calculation
	0.00334 =  from L2-norm γ (K2 with collar)
size of hdilation: 20
	0.00337 = γ post-hdilation (this is the one we use)
changing gamma to collar radius gamma
--------------------------------------------------------------------------------
σ=5.707348
	0.00299 = frob-norm γ pre-dilation
collar radius: 22
	0.00273 = frob-norm γ post-collar dilation
alternative calculation
	0.00271 =  from L2-norm γ (K2 with collar)
size of hdilation: 22
	0.00273 = γ post-hdilation (this is the one we use)
changing gamma to collar radius gamma
--------------------------------------------------------------------------------
σ=6.293428
	0.00244 = frob-norm γ pre-dilation
collar radius: 25
	0.00219 = frob-norm γ post-collar dilation
alternative calculation
	0.00217 =  from L2-norm γ (K2 with collar)
size of hdilation: 25
	0.00219 = γ post-hdilation (this is the one we use)
changing gamma to collar radius gamma
--------------------------------------------------------------------------------
σ=6.939693
	0.00199 = frob-norm γ pre-dilation
collar radius: 27
	0.00175 = frob-norm γ post-collar dilation
alternative calculation
	0.00174 =  from L2-norm γ (K2 with collar)
size of hdilation: 27
	0.00184 = γ post-hdilation (this is the one we use)
changing gamma to collar radius gamma
--------------------------------------------------------------------------------
σ=7.652321
	0.00162 = frob-norm γ pre-dilation
collar radius: 30
	0.00144 = frob-norm γ post-collar dilation
alternative calculation
	0.00143 =  from L2-norm γ (K2 with collar)
size of hdilation: 30
	0.00158 = γ post-hdilation (this is the one we use)
changing gamma to collar radius gamma
--------------------------------------------------------------------------------
σ=8.438129
	0.00133 = frob-norm γ pre-dilation
collar radius: 33
	0.00116 = frob-norm γ post-collar dilation
alternative calculation
	0.00116 =  from L2-norm γ (K2 with collar)
size of hdilation: 33
	0.00133 = γ post-hdilation (this is the one we use)
changing gamma to collar radius gamma
--------------------------------------------------------------------------------
σ=9.304630
	0.00112 = frob-norm γ pre-dilation
collar radius: 37
	0.00092 = frob-norm γ post-collar dilation
alternative calculation
	0.00092 =  from L2-norm γ (K2 with collar)
size of hdilation: 37
	0.00112 = γ post-hdilation (this is the one we use)
changing gamma to collar radius gamma
--------------------------------------------------------------------------------
σ=10.260110
	0.00094 = frob-norm γ pre-dilation
collar radius: 41
	0.00071 = frob-norm γ post-collar dilation
alternative calculation
	0.00071 =  from L2-norm γ (K2 with collar)
size of hdilation: 41
	0.00094 = γ post-hdilation (this is the one we use)
changing gamma to collar radius gamma
--------------------------------------------------------------------------------
